0 info it worked if it ends with ok
1 verbose cli [ '/usr/local/Cellar/node/0.10.5/bin/node',
1 verbose cli   '/usr/local/bin/npm',
1 verbose cli   'publish',
1 verbose cli   './' ]
2 info using npm@1.2.18
3 info using node@v0.10.5
4 verbose publish [ './' ]
5 verbose read json /Volumes/Raid HD/Work/Perso/yeoman/demo-footguard/node_modules/generator-footguard/package.json
6 verbose cache add [ './', null ]
7 verbose cache add name=undefined spec="./" args=["./",null]
8 verbose parsed url { protocol: null,
8 verbose parsed url   slashes: null,
8 verbose parsed url   auth: null,
8 verbose parsed url   host: null,
8 verbose parsed url   port: null,
8 verbose parsed url   hostname: null,
8 verbose parsed url   hash: null,
8 verbose parsed url   search: null,
8 verbose parsed url   query: null,
8 verbose parsed url   pathname: './',
8 verbose parsed url   path: './',
8 verbose parsed url   href: './' }
9 silly lockFile 0ee6c175- ./
10 verbose lock ./ /Users/mathieudesve/.npm/0ee6c175-.lock
11 verbose read json package.json
12 verbose tar pack [ '/var/folders/k4/l3yrcrp139z0ywlhlm52xd140000gn/T/npm-37457/1378501910700-0.6387973048258573/tmp.tgz',
12 verbose tar pack   './' ]
13 verbose tarball /var/folders/k4/l3yrcrp139z0ywlhlm52xd140000gn/T/npm-37457/1378501910700-0.6387973048258573/tmp.tgz
14 verbose folder ./
15 info prepublish generator-footguard@0.2.5
16 silly lockFile 0ee6c175- ./
17 verbose lock ./ /Users/mathieudesve/.npm/0ee6c175-.lock
18 silly lockFile df095d85-10700-0-6387973048258573-tmp-tgz /var/folders/k4/l3yrcrp139z0ywlhlm52xd140000gn/T/npm-37457/1378501910700-0.6387973048258573/tmp.tgz
19 verbose lock /var/folders/k4/l3yrcrp139z0ywlhlm52xd140000gn/T/npm-37457/1378501910700-0.6387973048258573/tmp.tgz /Users/mathieudesve/.npm/df095d85-10700-0-6387973048258573-tmp-tgz.lock
20 silly lockFile 0ee6c175- ./
21 silly lockFile 0ee6c175- ./
22 silly lockFile df095d85-10700-0-6387973048258573-tmp-tgz /var/folders/k4/l3yrcrp139z0ywlhlm52xd140000gn/T/npm-37457/1378501910700-0.6387973048258573/tmp.tgz
23 silly lockFile df095d85-10700-0-6387973048258573-tmp-tgz /var/folders/k4/l3yrcrp139z0ywlhlm52xd140000gn/T/npm-37457/1378501910700-0.6387973048258573/tmp.tgz
24 verbose tar unpack /var/folders/k4/l3yrcrp139z0ywlhlm52xd140000gn/T/npm-37457/1378501910700-0.6387973048258573/tmp.tgz
25 silly lockFile 48aa0523-10700-0-6387973048258573-package /var/folders/k4/l3yrcrp139z0ywlhlm52xd140000gn/T/npm-37457/1378501910700-0.6387973048258573/package
26 verbose lock /var/folders/k4/l3yrcrp139z0ywlhlm52xd140000gn/T/npm-37457/1378501910700-0.6387973048258573/package /Users/mathieudesve/.npm/48aa0523-10700-0-6387973048258573-package.lock
27 silly lockFile df095d85-10700-0-6387973048258573-tmp-tgz /var/folders/k4/l3yrcrp139z0ywlhlm52xd140000gn/T/npm-37457/1378501910700-0.6387973048258573/tmp.tgz
28 verbose lock /var/folders/k4/l3yrcrp139z0ywlhlm52xd140000gn/T/npm-37457/1378501910700-0.6387973048258573/tmp.tgz /Users/mathieudesve/.npm/df095d85-10700-0-6387973048258573-tmp-tgz.lock
29 silly gunzTarPerm modes [ '755', '644' ]
30 silly gunzTarPerm extractEntry package.json
31 silly gunzTarPerm extractEntry .npmignore
32 silly gunzTarPerm extractEntry util.js
33 silly gunzTarPerm extractEntry script-base.js
34 silly gunzTarPerm extractEntry model/index.js
35 silly gunzTarPerm extractEntry view/index.js
36 silly gunzTarPerm extractEntry collection/index.js
37 silly gunzTarPerm extractEntry app/index.js
38 silly gunzTarPerm extractEntry app/templates/package.json
39 silly gunzTarPerm extractEntry app/templates/.npmignore
40 silly gunzTarPerm extractEntry app/templates/.bowerrc
41 silly gunzTarPerm extractEntry app/templates/.gitattributes
42 silly gunzTarPerm extractEntry app/templates/Gruntfile.coffee
43 silly gunzTarPerm extractEntry app/templates/app/.htaccess
44 silly gunzTarPerm extractEntry app/templates/app/404.html
45 silly gunzTarPerm extractEntry app/templates/app/crossdomain.xml
46 silly gunzTarPerm extractEntry app/templates/app/favicon.ico
47 silly gunzTarPerm extractEntry app/templates/app/index.html
48 silly gunzTarPerm extractEntry app/templates/app/robots.txt
49 silly gunzTarPerm extractEntry app/templates/app/templates/app.html
50 silly gunzTarPerm extractEntry app/templates/bower.json
51 silly gunzTarPerm extractEntry app/templates/src/coffee/app/app.coffee
52 silly gunzTarPerm extractEntry app/templates/src/coffee/app/config/config_base.coffee
53 silly gunzTarPerm extractEntry app/templates/src/coffee/app/helpers/modernizr_test.coffee
54 silly gunzTarPerm extractEntry app/templates/src/coffee/app/helpers/underscore_mixin.coffee
55 silly gunzTarPerm extractEntry app/templates/src/coffee/app/router.coffee
56 silly gunzTarPerm extractEntry app/templates/src/coffee/app/vendors.coffee
57 silly gunzTarPerm extractEntry app/templates/src/coffee/app/views/app_view.coffee
58 silly gunzTarPerm extractEntry app/templates/src/coffee/main.coffee
59 silly gunzTarPerm extractEntry app/templates/src/coffee/spec/all_tests.coffee
60 silly gunzTarPerm extractEntry app/templates/src/coffee/spec/functional/all_functional_tests.coffee
61 silly gunzTarPerm extractEntry app/templates/src/coffee/spec/integration/all_integration_tests.coffee
62 silly gunzTarPerm extractEntry app/templates/src/coffee/spec/unit/all_unit_tests.coffee
63 silly gunzTarPerm extractEntry app/templates/src/coffee/spec/unit/app_spec.coffee
64 silly gunzTarPerm extractEntry app/templates/src/coffee/spec/unit/config/config_base_spec.coffee
65 silly gunzTarPerm extractEntry app/templates/src/coffee/spec/unit/helpers/modernizr_test_spec.coffee
66 silly gunzTarPerm extractEntry app/templates/src/coffee/spec/unit/helpers/underscore_mixin_spec.coffee
67 silly gunzTarPerm extractEntry app/templates/src/coffee/spec/unit/router_spec.coffee
68 silly gunzTarPerm extractEntry app/templates/src/coffee/spec/unit/views/app_view_spec.coffee
69 silly gunzTarPerm extractEntry app/templates/src/sass/_app.sass
70 silly gunzTarPerm extractEntry app/templates/src/sass/main.sass
71 silly gunzTarPerm extractEntry app/templates/test/runner/test.css
72 silly gunzTarPerm extractEntry helper/index.js
73 silly gunzTarPerm extractEntry templates/test_functional.coffee
74 silly gunzTarPerm extractEntry templates/collection.coffee
75 silly gunzTarPerm extractEntry templates/helper.coffee
76 silly gunzTarPerm extractEntry templates/helper_spec.coffee
77 silly gunzTarPerm extractEntry templates/model.coffee
78 silly gunzTarPerm extractEntry templates/model_spec.coffee
79 silly gunzTarPerm extractEntry templates/collection_spec.coffee
80 silly gunzTarPerm extractEntry templates/test_integration.coffee
81 silly gunzTarPerm extractEntry templates/test_unit.coffee
82 silly gunzTarPerm extractEntry templates/view.coffee
83 silly gunzTarPerm extractEntry templates/view.html
84 silly gunzTarPerm extractEntry templates/view.sass
85 silly gunzTarPerm extractEntry templates/view_spec.coffee
86 silly gunzTarPerm extractEntry test-functional/index.js
87 silly gunzTarPerm extractEntry test-integration/index.js
88 silly gunzTarPerm extractEntry test-unit/index.js
89 silly gunzTarPerm extractEntry readme.md
90 verbose read json /var/folders/k4/l3yrcrp139z0ywlhlm52xd140000gn/T/npm-37457/1378501910700-0.6387973048258573/package/package.json
91 silly lockFile 48aa0523-10700-0-6387973048258573-package /var/folders/k4/l3yrcrp139z0ywlhlm52xd140000gn/T/npm-37457/1378501910700-0.6387973048258573/package
92 silly lockFile 48aa0523-10700-0-6387973048258573-package /var/folders/k4/l3yrcrp139z0ywlhlm52xd140000gn/T/npm-37457/1378501910700-0.6387973048258573/package
93 silly lockFile df095d85-10700-0-6387973048258573-tmp-tgz /var/folders/k4/l3yrcrp139z0ywlhlm52xd140000gn/T/npm-37457/1378501910700-0.6387973048258573/tmp.tgz
94 silly lockFile df095d85-10700-0-6387973048258573-tmp-tgz /var/folders/k4/l3yrcrp139z0ywlhlm52xd140000gn/T/npm-37457/1378501910700-0.6387973048258573/tmp.tgz
95 verbose from cache /var/folders/k4/l3yrcrp139z0ywlhlm52xd140000gn/T/npm-37457/1378501910700-0.6387973048258573/package/package.json
96 verbose tar pack [ '/Users/mathieudesve/.npm/generator-footguard/0.2.5/package.tgz',
96 verbose tar pack   '/var/folders/k4/l3yrcrp139z0ywlhlm52xd140000gn/T/npm-37457/1378501910700-0.6387973048258573/package' ]
97 verbose tarball /Users/mathieudesve/.npm/generator-footguard/0.2.5/package.tgz
98 verbose folder /var/folders/k4/l3yrcrp139z0ywlhlm52xd140000gn/T/npm-37457/1378501910700-0.6387973048258573/package
99 silly lockFile 48aa0523-10700-0-6387973048258573-package /var/folders/k4/l3yrcrp139z0ywlhlm52xd140000gn/T/npm-37457/1378501910700-0.6387973048258573/package
100 verbose lock /var/folders/k4/l3yrcrp139z0ywlhlm52xd140000gn/T/npm-37457/1378501910700-0.6387973048258573/package /Users/mathieudesve/.npm/48aa0523-10700-0-6387973048258573-package.lock
101 silly lockFile 1536f3a1-ator-footguard-0-2-5-package-tgz /Users/mathieudesve/.npm/generator-footguard/0.2.5/package.tgz
102 verbose lock /Users/mathieudesve/.npm/generator-footguard/0.2.5/package.tgz /Users/mathieudesve/.npm/1536f3a1-ator-footguard-0-2-5-package-tgz.lock
103 silly lockFile 48aa0523-10700-0-6387973048258573-package /var/folders/k4/l3yrcrp139z0ywlhlm52xd140000gn/T/npm-37457/1378501910700-0.6387973048258573/package
104 silly lockFile 48aa0523-10700-0-6387973048258573-package /var/folders/k4/l3yrcrp139z0ywlhlm52xd140000gn/T/npm-37457/1378501910700-0.6387973048258573/package
105 silly lockFile 1536f3a1-ator-footguard-0-2-5-package-tgz /Users/mathieudesve/.npm/generator-footguard/0.2.5/package.tgz
106 silly lockFile 1536f3a1-ator-footguard-0-2-5-package-tgz /Users/mathieudesve/.npm/generator-footguard/0.2.5/package.tgz
107 silly lockFile e0caa98a-enerator-footguard-0-2-5-package /Users/mathieudesve/.npm/generator-footguard/0.2.5/package
108 verbose lock /Users/mathieudesve/.npm/generator-footguard/0.2.5/package /Users/mathieudesve/.npm/e0caa98a-enerator-footguard-0-2-5-package.lock
109 silly lockFile e0caa98a-enerator-footguard-0-2-5-package /Users/mathieudesve/.npm/generator-footguard/0.2.5/package
110 silly lockFile e0caa98a-enerator-footguard-0-2-5-package /Users/mathieudesve/.npm/generator-footguard/0.2.5/package
111 verbose tar unpack /Users/mathieudesve/.npm/generator-footguard/0.2.5/package.tgz
112 silly lockFile e0caa98a-enerator-footguard-0-2-5-package /Users/mathieudesve/.npm/generator-footguard/0.2.5/package
113 verbose lock /Users/mathieudesve/.npm/generator-footguard/0.2.5/package /Users/mathieudesve/.npm/e0caa98a-enerator-footguard-0-2-5-package.lock
114 silly lockFile 1536f3a1-ator-footguard-0-2-5-package-tgz /Users/mathieudesve/.npm/generator-footguard/0.2.5/package.tgz
115 verbose lock /Users/mathieudesve/.npm/generator-footguard/0.2.5/package.tgz /Users/mathieudesve/.npm/1536f3a1-ator-footguard-0-2-5-package-tgz.lock
116 silly gunzTarPerm modes [ '755', '644' ]
117 silly gunzTarPerm extractEntry package.json
118 silly gunzTarPerm extractEntry .npmignore
119 silly gunzTarPerm extractEntry util.js
120 silly gunzTarPerm extractEntry script-base.js
121 silly gunzTarPerm extractEntry model/index.js
122 silly gunzTarPerm extractEntry helper/index.js
123 silly gunzTarPerm extractEntry readme.md
124 silly gunzTarPerm extractEntry app/index.js
125 silly gunzTarPerm extractEntry app/templates/package.json
126 silly gunzTarPerm extractEntry app/templates/.npmignore
127 silly gunzTarPerm extractEntry app/templates/.bowerrc
128 silly gunzTarPerm extractEntry app/templates/.gitattributes
129 silly gunzTarPerm extractEntry app/templates/Gruntfile.coffee
130 silly gunzTarPerm extractEntry app/templates/app/.htaccess
131 silly gunzTarPerm extractEntry app/templates/app/404.html
132 silly gunzTarPerm extractEntry app/templates/app/crossdomain.xml
133 silly gunzTarPerm extractEntry app/templates/app/favicon.ico
134 silly gunzTarPerm extractEntry app/templates/app/index.html
135 silly gunzTarPerm extractEntry app/templates/app/robots.txt
136 silly gunzTarPerm extractEntry app/templates/app/templates/app.html
137 silly gunzTarPerm extractEntry app/templates/bower.json
138 silly gunzTarPerm extractEntry app/templates/src/coffee/app/app.coffee
139 silly gunzTarPerm extractEntry app/templates/src/coffee/app/config/config_base.coffee
140 silly gunzTarPerm extractEntry app/templates/src/coffee/app/helpers/modernizr_test.coffee
141 silly gunzTarPerm extractEntry app/templates/src/coffee/app/helpers/underscore_mixin.coffee
142 silly gunzTarPerm extractEntry app/templates/src/coffee/app/router.coffee
143 silly gunzTarPerm extractEntry app/templates/src/coffee/app/vendors.coffee
144 silly gunzTarPerm extractEntry app/templates/src/coffee/app/views/app_view.coffee
145 silly gunzTarPerm extractEntry app/templates/src/coffee/main.coffee
146 silly gunzTarPerm extractEntry app/templates/src/coffee/spec/all_tests.coffee
147 silly gunzTarPerm extractEntry app/templates/src/coffee/spec/functional/all_functional_tests.coffee
148 silly gunzTarPerm extractEntry app/templates/src/coffee/spec/integration/all_integration_tests.coffee
149 silly gunzTarPerm extractEntry app/templates/src/coffee/spec/unit/all_unit_tests.coffee
150 silly gunzTarPerm extractEntry app/templates/src/coffee/spec/unit/app_spec.coffee
151 silly gunzTarPerm extractEntry app/templates/src/coffee/spec/unit/config/config_base_spec.coffee
152 silly gunzTarPerm extractEntry app/templates/src/coffee/spec/unit/helpers/modernizr_test_spec.coffee
153 silly gunzTarPerm extractEntry app/templates/src/coffee/spec/unit/helpers/underscore_mixin_spec.coffee
154 silly gunzTarPerm extractEntry app/templates/src/coffee/spec/unit/router_spec.coffee
155 silly gunzTarPerm extractEntry app/templates/src/coffee/spec/unit/views/app_view_spec.coffee
156 silly gunzTarPerm extractEntry app/templates/src/sass/_app.sass
157 silly gunzTarPerm extractEntry app/templates/src/sass/main.sass
158 silly gunzTarPerm extractEntry app/templates/test/runner/test.css
159 silly gunzTarPerm extractEntry templates/test_functional.coffee
160 silly gunzTarPerm extractEntry templates/collection.coffee
161 silly gunzTarPerm extractEntry templates/helper.coffee
162 silly gunzTarPerm extractEntry templates/helper_spec.coffee
163 silly gunzTarPerm extractEntry templates/model.coffee
164 silly gunzTarPerm extractEntry templates/model_spec.coffee
165 silly gunzTarPerm extractEntry templates/collection_spec.coffee
166 silly gunzTarPerm extractEntry templates/test_integration.coffee
167 silly gunzTarPerm extractEntry templates/test_unit.coffee
168 silly gunzTarPerm extractEntry templates/view.coffee
169 silly gunzTarPerm extractEntry templates/view.html
170 silly gunzTarPerm extractEntry templates/view.sass
171 silly gunzTarPerm extractEntry templates/view_spec.coffee
172 silly gunzTarPerm extractEntry test-functional/index.js
173 silly gunzTarPerm extractEntry test-integration/index.js
174 silly gunzTarPerm extractEntry test-unit/index.js
175 silly gunzTarPerm extractEntry collection/index.js
176 silly gunzTarPerm extractEntry view/index.js
177 verbose read json /Users/mathieudesve/.npm/generator-footguard/0.2.5/package/package.json
178 silly lockFile e0caa98a-enerator-footguard-0-2-5-package /Users/mathieudesve/.npm/generator-footguard/0.2.5/package
179 silly lockFile e0caa98a-enerator-footguard-0-2-5-package /Users/mathieudesve/.npm/generator-footguard/0.2.5/package
180 silly lockFile 1536f3a1-ator-footguard-0-2-5-package-tgz /Users/mathieudesve/.npm/generator-footguard/0.2.5/package.tgz
181 silly lockFile 1536f3a1-ator-footguard-0-2-5-package-tgz /Users/mathieudesve/.npm/generator-footguard/0.2.5/package.tgz
182 silly shasum updated bytes 21776
183 info shasum 67ec5986ff6c83989830d61dafdffb6d8f9cc7c0
183 info shasum /Users/mathieudesve/.npm/generator-footguard/0.2.5/package.tgz
184 verbose from cache /Users/mathieudesve/.npm/generator-footguard/0.2.5/package/package.json
185 verbose chmod /Users/mathieudesve/.npm/generator-footguard/0.2.5/package.tgz 644
186 verbose chown /Users/mathieudesve/.npm/generator-footguard/0.2.5/package.tgz [ 501, 20 ]
187 silly lockFile 0ee6c175- ./
188 silly publish { name: 'generator-footguard',
188 silly publish   version: '0.2.5',
188 silly publish   description: 'Yeoman generator for single page application',
188 silly publish   keywords:
188 silly publish    [ 'yeoman-generator',
188 silly publish      'yeoman',
188 silly publish      'generator',
188 silly publish      'framework',
188 silly publish      'bower',
188 silly publish      'coffeescript',
188 silly publish      'requirejs',
188 silly publish      'backbone',
188 silly publish      'front-end',
188 silly publish      'bootstrap',
188 silly publish      'workflow',
188 silly publish      'mocha',
188 silly publish      'unit test',
188 silly publish      'app' ],
188 silly publish   homepage: 'https://github.com/mazerte/generator-footguard',
188 silly publish   bugs: 'https://github.com/mazerte/generator-footguard/issues',
188 silly publish   author: { name: 'Mathieu Desvé' },
188 silly publish   main: 'app/index.js',
188 silly publish   repository:
188 silly publish    { type: 'git',
188 silly publish      url: 'git://github.com/mazerte/generator-footguard.git' },
188 silly publish   scripts: { test: 'mocha test' },
188 silly publish   dependencies:
188 silly publish    { 'yeoman-generator': '~0.10.2',
188 silly publish      path: '~0.4.9',
188 silly publish      util: '~0.4.9',
188 silly publish      'underscore.inflections': '~0.1.4',
188 silly publish      grunt: '~0.4.0' },
188 silly publish   devDependencies: { mocha: '~1.8.1' },
188 silly publish   engines: { node: '>=0.8.0' },
188 silly publish   licenses: [ { type: 'BSD' } ],
188 silly publish   readme: '# Footguard generator\n\nMaintainer: [Mathieu Desvé](https://github.com/mazerte)\n\nBased on [yeoman-generator](https://github.com/yeoman/yeoman-generator/)\n\n## Usage\n\nFirst make a new directory, and `cd` into it:\n```\nmkdir my-new-project && cd $_\n```\n\nThen install `generator-footguard`:\n```\nnpm install generator-footguard\n```\n\nRun `yo footguard`, optionally passing an app name:\n```\nyo footguard\n```\n\nFinally, install npm and bower dependencies:\n```\nnpm install && bower install --dev\n```\n\n## Generators\n\nAvailable generators:\n\n* [footguard](#app) (aka [footguard:app](#app))\n* [footguard:collection](#collection)\n* [footguard:model](#model)\n* [footguard:helper](#helper)\n* [footguard:view](#view)\n\n## Commands\n\nAvailable commands:\n\n* [yo server](#server)\n* [yo compile](#compile)\n* [yo build](#build)\n* [yo server-dist](#server-dist)',
188 silly publish   readmeFilename: 'readme.md',
188 silly publish   _id: 'generator-footguard@0.2.5',
188 silly publish   _from: './',
188 silly publish   dist: { shasum: '67ec5986ff6c83989830d61dafdffb6d8f9cc7c0' } }
189 verbose url raw generator-footguard
190 verbose url resolving [ 'https://registry.npmjs.org/', './generator-footguard' ]
191 verbose url resolved https://registry.npmjs.org/generator-footguard
192 info trying registry request attempt 1 at 23:12:01
193 http PUT https://registry.npmjs.org/generator-footguard
194 http 409 https://registry.npmjs.org/generator-footguard
195 verbose url raw generator-footguard
196 verbose url resolving [ 'https://registry.npmjs.org/', './generator-footguard' ]
197 verbose url resolved https://registry.npmjs.org/generator-footguard
198 info trying registry request attempt 1 at 23:12:03
199 http GET https://registry.npmjs.org/generator-footguard
200 http 200 https://registry.npmjs.org/generator-footguard
201 error publish fail Cannot publish over existing version.
201 error publish fail Update the 'version' field in package.json and try again.
201 error publish fail
201 error publish fail If the previous version was published in error, see:
201 error publish fail     npm help unpublish
201 error publish fail
201 error publish fail To automatically increment version numbers, see:
201 error publish fail     npm help version
202 error System Darwin 12.4.0
203 error command "/usr/local/Cellar/node/0.10.5/bin/node" "/usr/local/bin/npm" "publish" "./"
204 error cwd /Volumes/Raid HD/Work/Perso/yeoman/demo-footguard/node_modules/generator-footguard
205 error node -v v0.10.5
206 error npm -v 1.2.18
207 error code EPUBLISHCONFLICT
208 verbose exit [ 1, true ]
